--------------- Build Started: 12/19/2017 18:10:30 Project: execute_1_0, Configuration: ARM GCC 5.4-2016-q2-update Debug ---------------
The code generation step is up to date.
arm-none-eabi-gcc.exe -mcpu=cortex-m3 -mthumb -I..\inc -I..\flexsea-comm\inc -I..\flexsea-system\inc -I..\flexsea-system\test -I..\flexsea-shared\unity -I..\flexsea-user\inc -I..\flexsea-user\MIT_2DoF_Ankle_v1\inc -I..\flexsea-user\MotorTestBench\inc -I..\flexsea-user\RICNU_Knee_v1\inc -I. -IGenerated_Source\PSoC5 -Wa,-alh=.\CortexM3\ARM_GCC_541\Debug/analog.lst -g -D DEBUG -D BOARD_TYPE_FLEXSEA_EXECUTE -Wall -ffunction-sections -ffat-lto-objects -Og -Wno-unused-but-set-variable -c ..\src\analog.c -o .\CortexM3\ARM_GCC_541\Debug\analog.o
In file included from ..\inc/main.h:55:0,
                 from ..\src\analog.c:40:
..\inc/control.h:58:21: warning: inline function 'motor_current_pid_2' declared but never defined
 extern inline int32 motor_current_pid_2(int32 wanted_curr, int32 measured_curr);
                     ^
arm-none-eabi-gcc.exe -mcpu=cortex-m3 -mthumb -I..\inc -I..\flexsea-comm\inc -I..\flexsea-system\inc -I..\flexsea-system\test -I..\flexsea-shared\unity -I..\flexsea-user\inc -I..\flexsea-user\MIT_2DoF_Ankle_v1\inc -I..\flexsea-user\MotorTestBench\inc -I..\flexsea-user\RICNU_Knee_v1\inc -I. -IGenerated_Source\PSoC5 -Wa,-alh=.\CortexM3\ARM_GCC_541\Debug/control.lst -g -D DEBUG -D BOARD_TYPE_FLEXSEA_EXECUTE -Wall -ffunction-sections -ffat-lto-objects -Og -Wno-unused-but-set-variable -c ..\src\control.c -o .\CortexM3\ARM_GCC_541\Debug\control.o
..\src\control.c: In function 'motor_current_pid_3':
..\src\control.c:285:10: warning: unused variable 'sign' [-Wunused-variable]
  int32_t sign = 0;
          ^
In file included from ..\inc/main.h:55:0,
                 from ..\src\control.c:38:
..\src\control.c: At top level:
..\inc/control.h:58:21: warning: inline function 'motor_current_pid_2' declared but never defined
 extern inline int32 motor_current_pid_2(int32 wanted_curr, int32 measured_curr);
                     ^
arm-none-eabi-gcc.exe -mcpu=cortex-m3 -mthumb -I..\inc -I..\flexsea-comm\inc -I..\flexsea-system\inc -I..\flexsea-system\test -I..\flexsea-shared\unity -I..\flexsea-user\inc -I..\flexsea-user\MIT_2DoF_Ankle_v1\inc -I..\flexsea-user\MotorTestBench\inc -I..\flexsea-user\RICNU_Knee_v1\inc -I. -IGenerated_Source\PSoC5 -Wa,-alh=.\CortexM3\ARM_GCC_541\Debug/ext_input.lst -g -D DEBUG -D BOARD_TYPE_FLEXSEA_EXECUTE -Wall -ffunction-sections -ffat-lto-objects -Og -Wno-unused-but-set-variable -c ..\src\ext_input.c -o .\CortexM3\ARM_GCC_541\Debug\ext_input.o
In file included from ..\inc/main.h:55:0,
                 from ..\src\ext_input.c:35:
..\inc/control.h:58:21: warning: inline function 'motor_current_pid_2' declared but never defined
 extern inline int32 motor_current_pid_2(int32 wanted_curr, int32 measured_curr);
                     ^
arm-none-eabi-gcc.exe -mcpu=cortex-m3 -mthumb -I..\inc -I..\flexsea-comm\inc -I..\flexsea-system\inc -I..\flexsea-system\test -I..\flexsea-shared\unity -I..\flexsea-user\inc -I..\flexsea-user\MIT_2DoF_Ankle_v1\inc -I..\flexsea-user\MotorTestBench\inc -I..\flexsea-user\RICNU_Knee_v1\inc -I. -IGenerated_Source\PSoC5 -Wa,-alh=.\CortexM3\ARM_GCC_541\Debug/imu.lst -g -D DEBUG -D BOARD_TYPE_FLEXSEA_EXECUTE -Wall -ffunction-sections -ffat-lto-objects -Og -Wno-unused-but-set-variable -c ..\src\imu.c -o .\CortexM3\ARM_GCC_541\Debug\imu.o
In file included from ..\inc/main.h:55:0,
                 from ..\src\imu.c:35:
..\inc/control.h:58:21: warning: inline function 'motor_current_pid_2' declared but never defined
 extern inline int32 motor_current_pid_2(int32 wanted_curr, int32 measured_curr);
                     ^
arm-none-eabi-gcc.exe -mcpu=cortex-m3 -mthumb -I..\inc -I..\flexsea-comm\inc -I..\flexsea-system\inc -I..\flexsea-system\test -I..\flexsea-shared\unity -I..\flexsea-user\inc -I..\flexsea-user\MIT_2DoF_Ankle_v1\inc -I..\flexsea-user\MotorTestBench\inc -I..\flexsea-user\RICNU_Knee_v1\inc -I. -IGenerated_Source\PSoC5 -Wa,-alh=.\CortexM3\ARM_GCC_541\Debug/isr_callbacks.lst -g -D DEBUG -D BOARD_TYPE_FLEXSEA_EXECUTE -Wall -ffunction-sections -ffat-lto-objects -Og -Wno-unused-but-set-variable -c ..\src\isr_callbacks.c -o .\CortexM3\ARM_GCC_541\Debug\isr_callbacks.o
In file included from ..\inc/main.h:55:0,
                 from ..\src\isr_callbacks.c:39:
..\inc/control.h:58:21: warning: inline function 'motor_current_pid_2' declared but never defined
 extern inline int32 motor_current_pid_2(int32 wanted_curr, int32 measured_curr);
                     ^
arm-none-eabi-gcc.exe -mcpu=cortex-m3 -mthumb -I..\inc -I..\flexsea-comm\inc -I..\flexsea-system\inc -I..\flexsea-system\test -I..\flexsea-shared\unity -I..\flexsea-user\inc -I..\flexsea-user\MIT_2DoF_Ankle_v1\inc -I..\flexsea-user\MotorTestBench\inc -I..\flexsea-user\RICNU_Knee_v1\inc -I. -IGenerated_Source\PSoC5 -Wa,-alh=.\CortexM3\ARM_GCC_541\Debug/main.lst -g -D DEBUG -D BOARD_TYPE_FLEXSEA_EXECUTE -Wall -ffunction-sections -ffat-lto-objects -Og -Wno-unused-but-set-variable -c ..\src\main.c -o .\CortexM3\ARM_GCC_541\Debug\main.o
In file included from ..\inc/main.h:55:0,
                 from ..\src\main.c:37:
..\inc/control.h:58:21: warning: inline function 'motor_current_pid_2' declared but never defined
 extern inline int32 motor_current_pid_2(int32 wanted_curr, int32 measured_curr);
                     ^
arm-none-eabi-gcc.exe -mcpu=cortex-m3 -mthumb -I..\inc -I..\flexsea-comm\inc -I..\flexsea-system\inc -I..\flexsea-system\test -I..\flexsea-shared\unity -I..\flexsea-user\inc -I..\flexsea-user\MIT_2DoF_Ankle_v1\inc -I..\flexsea-user\MotorTestBench\inc -I..\flexsea-user\RICNU_Knee_v1\inc -I. -IGenerated_Source\PSoC5 -Wa,-alh=.\CortexM3\ARM_GCC_541\Debug/misc.lst -g -D DEBUG -D BOARD_TYPE_FLEXSEA_EXECUTE -Wall -ffunction-sections -ffat-lto-objects -Og -Wno-unused-but-set-variable -c ..\src\misc.c -o .\CortexM3\ARM_GCC_541\Debug\misc.o
In file included from ..\inc/main.h:55:0,
                 from ..\src\misc.c:38:
..\inc/control.h:58:21: warning: inline function 'motor_current_pid_2' declared but never defined
 extern inline int32 motor_current_pid_2(int32 wanted_curr, int32 measured_curr);
                     ^
arm-none-eabi-gcc.exe -mcpu=cortex-m3 -mthumb -I..\inc -I..\flexsea-comm\inc -I..\flexsea-system\inc -I..\flexsea-system\test -I..\flexsea-shared\unity -I..\flexsea-user\inc -I..\flexsea-user\MIT_2DoF_Ankle_v1\inc -I..\flexsea-user\MotorTestBench\inc -I..\flexsea-user\RICNU_Knee_v1\inc -I. -IGenerated_Source\PSoC5 -Wa,-alh=.\CortexM3\ARM_GCC_541\Debug/motor.lst -g -D DEBUG -D BOARD_TYPE_FLEXSEA_EXECUTE -Wall -ffunction-sections -ffat-lto-objects -Og -Wno-unused-but-set-variable -c ..\src\motor.c -o .\CortexM3\ARM_GCC_541\Debug\motor.o
In file included from ..\src\motor.c:50:0:
..\flexsea-user\inc/dynamic_user_structs.h:48:1: warning: useless type qualifier in empty declaration
 } __attribute__ ((packed));
 ^
..\src\motor.c: In function 'motor_open_speed_1':
..\src\motor.c:137:16: warning: unused variable 'MAX_PWM_ALLOWED' [-Wunused-variable]
  const int32_t MAX_PWM_ALLOWED = 1024;
                ^
In file included from ..\inc/main.h:55:0,
                 from ..\src\motor.c:38:
..\src\motor.c: At top level:
..\inc/control.h:58:21: warning: inline function 'motor_current_pid_2' declared but never defined
 extern inline int32 motor_current_pid_2(int32 wanted_curr, int32 measured_curr);
                     ^
arm-none-eabi-gcc.exe -mcpu=cortex-m3 -mthumb -I..\inc -I..\flexsea-comm\inc -I..\flexsea-system\inc -I..\flexsea-system\test -I..\flexsea-shared\unity -I..\flexsea-user\inc -I..\flexsea-user\MIT_2DoF_Ankle_v1\inc -I..\flexsea-user\MotorTestBench\inc -I..\flexsea-user\RICNU_Knee_v1\inc -I. -IGenerated_Source\PSoC5 -Wa,-alh=.\CortexM3\ARM_GCC_541\Debug/peripherals.lst -g -D DEBUG -D BOARD_TYPE_FLEXSEA_EXECUTE -Wall -ffunction-sections -ffat-lto-objects -Og -Wno-unused-but-set-variable -c ..\src\peripherals.c -o .\CortexM3\ARM_GCC_541\Debug\peripherals.o
In file included from ..\inc/main.h:55:0,
                 from ..\src\peripherals.c:38:
..\inc/control.h:58:21: warning: inline function 'motor_current_pid_2' declared but never defined
 extern inline int32 motor_current_pid_2(int32 wanted_curr, int32 measured_curr);
                     ^
arm-none-eabi-gcc.exe -mcpu=cortex-m3 -mthumb -I..\inc -I..\flexsea-comm\inc -I..\flexsea-system\inc -I..\flexsea-system\test -I..\flexsea-shared\unity -I..\flexsea-user\inc -I..\flexsea-user\MIT_2DoF_Ankle_v1\inc -I..\flexsea-user\MotorTestBench\inc -I..\flexsea-user\RICNU_Knee_v1\inc -I. -IGenerated_Source\PSoC5 -Wa,-alh=.\CortexM3\ARM_GCC_541\Debug/safety.lst -g -D DEBUG -D BOARD_TYPE_FLEXSEA_EXECUTE -Wall -ffunction-sections -ffat-lto-objects -Og -Wno-unused-but-set-variable -c ..\src\safety.c -o .\CortexM3\ARM_GCC_541\Debug\safety.o
In file included from ..\src\safety.c:42:0:
..\flexsea-user\inc/../inc/dynamic_user_structs.h:48:1: warning: useless type qualifier in empty declaration
 } __attribute__ ((packed));
 ^
In file included from ..\inc/main.h:55:0,
                 from ..\src\safety.c:35:
..\inc/control.h:58:21: warning: inline function 'motor_current_pid_2' declared but never defined
 extern inline int32 motor_current_pid_2(int32 wanted_curr, int32 measured_curr);
                     ^
arm-none-eabi-gcc.exe -mcpu=cortex-m3 -mthumb -I..\inc -I..\flexsea-comm\inc -I..\flexsea-system\inc -I..\flexsea-system\test -I..\flexsea-shared\unity -I..\flexsea-user\inc -I..\flexsea-user\MIT_2DoF_Ankle_v1\inc -I..\flexsea-user\MotorTestBench\inc -I..\flexsea-user\RICNU_Knee_v1\inc -I. -IGenerated_Source\PSoC5 -Wa,-alh=.\CortexM3\ARM_GCC_541\Debug/sensor_commut.lst -g -D DEBUG -D BOARD_TYPE_FLEXSEA_EXECUTE -Wall -ffunction-sections -ffat-lto-objects -Og -Wno-unused-but-set-variable -c ..\src\sensor_commut.c -o .\CortexM3\ARM_GCC_541\Debug\sensor_commut.o
In file included from ..\inc/main.h:55:0,
                 from ..\src\sensor_commut.c:35:
..\inc/control.h:58:21: warning: inline function 'motor_current_pid_2' declared but never defined
 extern inline int32 motor_current_pid_2(int32 wanted_curr, int32 measured_curr);
                     ^
arm-none-eabi-gcc.exe -mcpu=cortex-m3 -mthumb -I..\inc -I..\flexsea-comm\inc -I..\flexsea-system\inc -I..\flexsea-system\test -I..\flexsea-shared\unity -I..\flexsea-user\inc -I..\flexsea-user\MIT_2DoF_Ankle_v1\inc -I..\flexsea-user\MotorTestBench\inc -I..\flexsea-user\RICNU_Knee_v1\inc -I. -IGenerated_Source\PSoC5 -Wa,-alh=.\CortexM3\ARM_GCC_541\Debug/serial.lst -g -D DEBUG -D BOARD_TYPE_FLEXSEA_EXECUTE -Wall -ffunction-sections -ffat-lto-objects -Og -Wno-unused-but-set-variable -c ..\src\serial.c -o .\CortexM3\ARM_GCC_541\Debug\serial.o
..\src\serial.c: In function 'bt_puts':
..\src\serial.c:112:2: warning: implicit declaration of function 'UART_1_PutArray' [-Wimplicit-function-declaration]
  UART_1_PutArray(buf, len);
  ^
In file included from ..\inc/main.h:55:0,
                 from ..\src\serial.c:35:
..\src\serial.c: At top level:
..\inc/control.h:58:21: warning: inline function 'motor_current_pid_2' declared but never defined
 extern inline int32 motor_current_pid_2(int32 wanted_curr, int32 measured_curr);
                     ^
..\src\serial.c:237:13: warning: 'init_dma_6' defined but not used [-Wunused-function]
 static void init_dma_6(void)
             ^
arm-none-eabi-gcc.exe -mcpu=cortex-m3 -mthumb -I..\inc -I..\flexsea-comm\inc -I..\flexsea-system\inc -I..\flexsea-system\test -I..\flexsea-shared\unity -I..\flexsea-user\inc -I..\flexsea-user\MIT_2DoF_Ankle_v1\inc -I..\flexsea-user\MotorTestBench\inc -I..\flexsea-user\RICNU_Knee_v1\inc -I. -IGenerated_Source\PSoC5 -Wa,-alh=.\CortexM3\ARM_GCC_541\Debug/strain.lst -g -D DEBUG -D BOARD_TYPE_FLEXSEA_EXECUTE -Wall -ffunction-sections -ffat-lto-objects -Og -Wno-unused-but-set-variable -c ..\src\strain.c -o .\CortexM3\ARM_GCC_541\Debug\strain.o
In file included from ..\inc/main.h:55:0,
                 from ..\src\strain.c:35:
..\inc/control.h:58:21: warning: inline function 'motor_current_pid_2' declared but never defined
 extern inline int32 motor_current_pid_2(int32 wanted_curr, int32 measured_curr);
                     ^
arm-none-eabi-gcc.exe -mcpu=cortex-m3 -mthumb -I..\inc -I..\flexsea-comm\inc -I..\flexsea-system\inc -I..\flexsea-system\test -I..\flexsea-shared\unity -I..\flexsea-user\inc -I..\flexsea-user\MIT_2DoF_Ankle_v1\inc -I..\flexsea-user\MotorTestBench\inc -I..\flexsea-user\RICNU_Knee_v1\inc -I. -IGenerated_Source\PSoC5 -Wa,-alh=.\CortexM3\ARM_GCC_541\Debug/trapez.lst -g -D DEBUG -D BOARD_TYPE_FLEXSEA_EXECUTE -Wall -ffunction-sections -ffat-lto-objects -Og -Wno-unused-but-set-variable -c ..\src\trapez.c -o .\CortexM3\ARM_GCC_541\Debug\trapez.o
In file included from ..\inc/main.h:55:0,
                 from ..\src\trapez.c:38:
..\inc/control.h:58:21: warning: inline function 'motor_current_pid_2' declared but never defined
 extern inline int32 motor_current_pid_2(int32 wanted_curr, int32 measured_curr);
                     ^
arm-none-eabi-gcc.exe -mcpu=cortex-m3 -mthumb -I..\inc -I..\flexsea-comm\inc -I..\flexsea-system\inc -I..\flexsea-system\test -I..\flexsea-shared\unity -I..\flexsea-user\inc -I..\flexsea-user\MIT_2DoF_Ankle_v1\inc -I..\flexsea-user\MotorTestBench\inc -I..\flexsea-user\RICNU_Knee_v1\inc -I. -IGenerated_Source\PSoC5 -Wa,-alh=.\CortexM3\ARM_GCC_541\Debug/ui.lst -g -D DEBUG -D BOARD_TYPE_FLEXSEA_EXECUTE -Wall -ffunction-sections -ffat-lto-objects -Og -Wno-unused-but-set-variable -c ..\src\ui.c -o .\CortexM3\ARM_GCC_541\Debug\ui.o
In file included from ..\inc/main.h:55:0,
                 from ..\src\ui.c:36:
..\inc/control.h:58:21: warning: inline function 'motor_current_pid_2' declared but never defined
 extern inline int32 motor_current_pid_2(int32 wanted_curr, int32 measured_curr);
                     ^
arm-none-eabi-gcc.exe -mcpu=cortex-m3 -mthumb -I..\inc -I..\flexsea-comm\inc -I..\flexsea-system\inc -I..\flexsea-system\test -I..\flexsea-shared\unity -I..\flexsea-user\inc -I..\flexsea-user\MIT_2DoF_Ankle_v1\inc -I..\flexsea-user\MotorTestBench\inc -I..\flexsea-user\RICNU_Knee_v1\inc -I. -IGenerated_Source\PSoC5 -Wa,-alh=.\CortexM3\ARM_GCC_541\Debug/usb.lst -g -D DEBUG -D BOARD_TYPE_FLEXSEA_EXECUTE -Wall -ffunction-sections -ffat-lto-objects -Og -Wno-unused-but-set-variable -c ..\src\usb.c -o .\CortexM3\ARM_GCC_541\Debug\usb.o
In file included from ..\inc/main.h:55:0,
                 from ..\src\usb.c:35:
..\inc/control.h:58:21: warning: inline function 'motor_current_pid_2' declared but never defined
 extern inline int32 motor_current_pid_2(int32 wanted_curr, int32 measured_curr);
                     ^
arm-none-eabi-gcc.exe -mcpu=cortex-m3 -mthumb -I..\inc -I..\flexsea-comm\inc -I..\flexsea-system\inc -I..\flexsea-system\test -I..\flexsea-shared\unity -I..\flexsea-user\inc -I..\flexsea-user\MIT_2DoF_Ankle_v1\inc -I..\flexsea-user\MotorTestBench\inc -I..\flexsea-user\RICNU_Knee_v1\inc -I. -IGenerated_Source\PSoC5 -Wa,-alh=.\CortexM3\ARM_GCC_541\Debug/ext_output.lst -g -D DEBUG -D BOARD_TYPE_FLEXSEA_EXECUTE -Wall -ffunction-sections -ffat-lto-objects -Og -Wno-unused-but-set-variable -c ..\src\ext_output.c -o .\CortexM3\ARM_GCC_541\Debug\ext_output.o
In file included from ..\inc/main.h:55:0,
                 from ..\src\ext_output.c:35:
..\inc/control.h:58:21: warning: inline function 'motor_current_pid_2' declared but never defined
 extern inline int32 motor_current_pid_2(int32 wanted_curr, int32 measured_curr);
                     ^
arm-none-eabi-gcc.exe -mcpu=cortex-m3 -mthumb -I..\inc -I..\flexsea-comm\inc -I..\flexsea-system\inc -I..\flexsea-system\test -I..\flexsea-shared\unity -I..\flexsea-user\inc -I..\flexsea-user\MIT_2DoF_Ankle_v1\inc -I..\flexsea-user\MotorTestBench\inc -I..\flexsea-user\RICNU_Knee_v1\inc -I. -IGenerated_Source\PSoC5 -Wa,-alh=.\CortexM3\ARM_GCC_541\Debug/i2c.lst -g -D DEBUG -D BOARD_TYPE_FLEXSEA_EXECUTE -Wall -ffunction-sections -ffat-lto-objects -Og -Wno-unused-but-set-variable -c ..\src\i2c.c -o .\CortexM3\ARM_GCC_541\Debug\i2c.o
..\src\i2c.c: In function 'i2c0_read':
..\src\i2c.c:160:18: warning: passing argument 1 of 'assign_i2c_data' discards 'volatile' qualifier from pointer target type [-Wdiscarded-qualifiers]
  assign_i2c_data(i2c_0_r_buf);
                  ^
In file included from ..\inc/main.h:44:0,
                 from ..\src\i2c.c:35:
..\inc/i2c.h:56:6: note: expected 'uint8_t * {aka unsigned char *}' but argument is of type 'volatile uint8_t * {aka volatile unsigned char *}'
 void assign_i2c_data(uint8_t *newdata);
      ^
In file included from ..\inc/main.h:55:0,
                 from ..\src\i2c.c:35:
..\src\i2c.c: At top level:
..\inc/control.h:58:21: warning: inline function 'motor_current_pid_2' declared but never defined
 extern inline int32 motor_current_pid_2(int32 wanted_curr, int32 measured_curr);
                     ^
arm-none-eabi-gcc.exe -mcpu=cortex-m3 -mthumb -I..\inc -I..\flexsea-comm\inc -I..\flexsea-system\inc -I..\flexsea-system\test -I..\flexsea-shared\unity -I..\flexsea-user\inc -I..\flexsea-user\MIT_2DoF_Ankle_v1\inc -I..\flexsea-user\MotorTestBench\inc -I..\flexsea-user\RICNU_Knee_v1\inc -I. -IGenerated_Source\PSoC5 -Wa,-alh=.\CortexM3\ARM_GCC_541\Debug/main_fsm.lst -g -D DEBUG -D BOARD_TYPE_FLEXSEA_EXECUTE -Wall -ffunction-sections -ffat-lto-objects -Og -Wno-unused-but-set-variable -c ..\src\main_fsm.c -o .\CortexM3\ARM_GCC_541\Debug\main_fsm.o
In file included from ..\inc/main.h:55:0,
                 from ..\src\main_fsm.c:35:
..\inc/control.h:58:21: warning: inline function 'motor_current_pid_2' declared but never defined
 extern inline int32 motor_current_pid_2(int32 wanted_curr, int32 measured_curr);
                     ^
arm-none-eabi-gcc.exe -mcpu=cortex-m3 -mthumb -I..\inc -I..\flexsea-comm\inc -I..\flexsea-system\inc -I..\flexsea-system\test -I..\flexsea-shared\unity -I..\flexsea-user\inc -I..\flexsea-user\MIT_2DoF_Ankle_v1\inc -I..\flexsea-user\MotorTestBench\inc -I..\flexsea-user\RICNU_Knee_v1\inc -I. -IGenerated_Source\PSoC5 -Wa,-alh=.\CortexM3\ARM_GCC_541\Debug/mem_angle.lst -g -D DEBUG -D BOARD_TYPE_FLEXSEA_EXECUTE -Wall -ffunction-sections -ffat-lto-objects -Og -Wno-unused-but-set-variable -c ..\src\mem_angle.c -o .\CortexM3\ARM_GCC_541\Debug\mem_angle.o
In file included from ..\inc/main.h:55:0,
                 from ..\src\mem_angle.c:35:
..\inc/control.h:58:21: warning: inline function 'motor_current_pid_2' declared but never defined
 extern inline int32 motor_current_pid_2(int32 wanted_curr, int32 measured_curr);
                     ^
arm-none-eabi-gcc.exe -mcpu=cortex-m3 -mthumb -I..\inc -I..\flexsea-comm\inc -I..\flexsea-system\inc -I..\flexsea-system\test -I..\flexsea-shared\unity -I..\flexsea-user\inc -I..\flexsea-user\MIT_2DoF_Ankle_v1\inc -I..\flexsea-user\MotorTestBench\inc -I..\flexsea-user\RICNU_Knee_v1\inc -I. -IGenerated_Source\PSoC5 -Wa,-alh=.\CortexM3\ARM_GCC_541\Debug/i2t-current-limit.lst -g -D DEBUG -D BOARD_TYPE_FLEXSEA_EXECUTE -Wall -ffunction-sections -ffat-lto-objects -Og -Wno-unused-but-set-variable -c ..\src\i2t-current-limit.c -o .\CortexM3\ARM_GCC_541\Debug\i2t-current-limit.o
In file included from ..\inc/main.h:55:0,
                 from ..\src\i2t-current-limit.c:35:
..\inc/control.h:58:21: warning: inline function 'motor_current_pid_2' declared but never defined
 extern inline int32 motor_current_pid_2(int32 wanted_curr, int32 measured_curr);
                     ^
arm-none-eabi-gcc.exe -mcpu=cortex-m3 -mthumb -I..\inc -I..\flexsea-comm\inc -I..\flexsea-system\inc -I..\flexsea-system\test -I..\flexsea-shared\unity -I..\flexsea-user\inc -I..\flexsea-user\MIT_2DoF_Ankle_v1\inc -I..\flexsea-user\MotorTestBench\inc -I..\flexsea-user\RICNU_Knee_v1\inc -I. -IGenerated_Source\PSoC5 -Wa,-alh=.\CortexM3\ARM_GCC_541\Debug/rgb_led.lst -g -D DEBUG -D BOARD_TYPE_FLEXSEA_EXECUTE -Wall -ffunction-sections -ffat-lto-objects -Og -Wno-unused-but-set-variable -c ..\src\rgb_led.c -o .\CortexM3\ARM_GCC_541\Debug\rgb_led.o
In file included from ..\inc/main.h:55:0,
                 from ..\src\rgb_led.c:35:
..\inc/control.h:58:21: warning: inline function 'motor_current_pid_2' declared but never defined
 extern inline int32 motor_current_pid_2(int32 wanted_curr, int32 measured_curr);
                     ^
arm-none-eabi-gcc.exe -mcpu=cortex-m3 -mthumb -I..\inc -I..\flexsea-comm\inc -I..\flexsea-system\inc -I..\flexsea-system\test -I..\flexsea-shared\unity -I..\flexsea-user\inc -I..\flexsea-user\MIT_2DoF_Ankle_v1\inc -I..\flexsea-user\MotorTestBench\inc -I..\flexsea-user\RICNU_Knee_v1\inc -I. -IGenerated_Source\PSoC5 -Wa,-alh=.\CortexM3\ARM_GCC_541\Debug/local_comm.lst -g -D DEBUG -D BOARD_TYPE_FLEXSEA_EXECUTE -Wall -ffunction-sections -ffat-lto-objects -Og -Wno-unused-but-set-variable -c ..\src\local_comm.c -o .\CortexM3\ARM_GCC_541\Debug\local_comm.o
In file included from ..\inc/main.h:55:0,
                 from ..\src\local_comm.c:35:
..\inc/control.h:58:21: warning: inline function 'motor_current_pid_2' declared but never defined
 extern inline int32 motor_current_pid_2(int32 wanted_curr, int32 measured_curr);
                     ^
arm-none-eabi-gcc.exe -mcpu=cortex-m3 -mthumb -I..\inc -I..\flexsea-comm\inc -I..\flexsea-system\inc -I..\flexsea-system\test -I..\flexsea-shared\unity -I..\flexsea-user\inc -I..\flexsea-user\MIT_2DoF_Ankle_v1\inc -I..\flexsea-user\MotorTestBench\inc -I..\flexsea-user\RICNU_Knee_v1\inc -I. -IGenerated_Source\PSoC5 -Wa,-alh=.\CortexM3\ARM_GCC_541\Debug/current_sensing.lst -g -D DEBUG -D BOARD_TYPE_FLEXSEA_EXECUTE -Wall -ffunction-sections -ffat-lto-objects -Og -Wno-unused-but-set-variable -c ..\src\current_sensing.c -o .\CortexM3\ARM_GCC_541\Debug\current_sensing.o
..\src\current_sensing.c: In function 'update_current_arrays':
..\src\current_sensing.c:183:46: warning: unused variable 'phase_c_com' [-Wunused-variable]
     static int32_t phase_a_com, phase_b_com, phase_c_com;
                                              ^
..\src\current_sensing.c:183:33: warning: unused variable 'phase_b_com' [-Wunused-variable]
     static int32_t phase_a_com, phase_b_com, phase_c_com;
                                 ^
..\src\current_sensing.c:183:20: warning: unused variable 'phase_a_com' [-Wunused-variable]
     static int32_t phase_a_com, phase_b_com, phase_c_com;
                    ^
..\src\current_sensing.c:182:46: warning: unused variable 'phase_c_ang' [-Wunused-variable]
     static int32_t phase_a_ang, phase_b_ang, phase_c_ang; 
                                              ^
..\src\current_sensing.c:182:33: warning: unused variable 'phase_b_ang' [-Wunused-variable]
     static int32_t phase_a_ang, phase_b_ang, phase_c_ang; 
                                 ^
..\src\current_sensing.c:182:20: warning: unused variable 'phase_a_ang' [-Wunused-variable]
     static int32_t phase_a_ang, phase_b_ang, phase_c_ang; 
                    ^
In file included from ..\inc/main.h:55:0,
                 from ..\src\current_sensing.c:34:
..\src\current_sensing.c: At top level:
..\inc/control.h:58:21: warning: inline function 'motor_current_pid_2' declared but never defined
 extern inline int32 motor_current_pid_2(int32 wanted_curr, int32 measured_curr);
                     ^
arm-none-eabi-gcc.exe -mcpu=cortex-m3 -mthumb -I..\inc -I..\flexsea-comm\inc -I..\flexsea-system\inc -I..\flexsea-system\test -I..\flexsea-shared\unity -I..\flexsea-user\inc -I..\flexsea-user\MIT_2DoF_Ankle_v1\inc -I..\flexsea-user\MotorTestBench\inc -I..\flexsea-user\RICNU_Knee_v1\inc -I. -IGenerated_Source\PSoC5 -Wa,-alh=.\CortexM3\ARM_GCC_541\Debug/filters.lst -g -D DEBUG -D BOARD_TYPE_FLEXSEA_EXECUTE -Wall -ffunction-sections -ffat-lto-objects -Og -Wno-unused-but-set-variable -c ..\src\filters.c -o .\CortexM3\ARM_GCC_541\Debug\filters.o
In file included from ..\inc/main.h:55:0,
                 from ..\src\filters.c:34:
..\inc/control.h:58:21: warning: inline function 'motor_current_pid_2' declared but never defined
 extern inline int32 motor_current_pid_2(int32 wanted_curr, int32 measured_curr);
                     ^
arm-none-eabi-gcc.exe -mcpu=cortex-m3 -mthumb -I..\inc -I..\flexsea-comm\inc -I..\flexsea-system\inc -I..\flexsea-system\test -I..\flexsea-shared\unity -I..\flexsea-user\inc -I..\flexsea-user\MIT_2DoF_Ankle_v1\inc -I..\flexsea-user\MotorTestBench\inc -I..\flexsea-user\RICNU_Knee_v1\inc -I. -IGenerated_Source\PSoC5 -Wa,-alh=.\CortexM3\ARM_GCC_541\Debug/mag_encoders.lst -g -D DEBUG -D BOARD_TYPE_FLEXSEA_EXECUTE -Wall -ffunction-sections -ffat-lto-objects -Og -Wno-unused-but-set-variable -c ..\src\mag_encoders.c -o .\CortexM3\ARM_GCC_541\Debug\mag_encoders.o
In file included from ..\src\mag_encoders.c:41:0:
..\flexsea-user\inc/dynamic_user_structs.h:48:1: warning: useless type qualifier in empty declaration
 } __attribute__ ((packed));
 ^
In file included from ..\inc/main.h:55:0,
                 from ..\src\mag_encoders.c:35:
..\inc/control.h:58:21: warning: inline function 'motor_current_pid_2' declared but never defined
 extern inline int32 motor_current_pid_2(int32 wanted_curr, int32 measured_curr);
                     ^
..\src\mag_encoders.c:306:15: warning: 'add_even_parity_msb' defined but not used [-Wunused-function]
 static uint16 add_even_parity_msb(uint16 word)
               ^
arm-none-eabi-gcc.exe -mcpu=cortex-m3 -mthumb -I..\inc -I..\flexsea-comm\inc -I..\flexsea-system\inc -I..\flexsea-system\test -I..\flexsea-shared\unity -I..\flexsea-user\inc -I..\flexsea-user\MIT_2DoF_Ankle_v1\inc -I..\flexsea-user\MotorTestBench\inc -I..\flexsea-user\RICNU_Knee_v1\inc -I. -IGenerated_Source\PSoC5 -Wa,-alh=.\CortexM3\ARM_GCC_541\Debug/flexsea_cmd_data.lst -g -D DEBUG -D BOARD_TYPE_FLEXSEA_EXECUTE -Wall -ffunction-sections -ffat-lto-objects -Og -Wno-unused-but-set-variable -c ..\flexsea-system\src\flexsea_cmd_data.c -o .\CortexM3\ARM_GCC_541\Debug\flexsea_cmd_data.o
In file included from ..\inc/main.h:55:0,
                 from ..\flexsea-system\src\flexsea_cmd_data.c:57:
..\inc/control.h:58:21: warning: inline function 'motor_current_pid_2' declared but never defined
 extern inline int32 motor_current_pid_2(int32 wanted_curr, int32 measured_curr);
                     ^
arm-none-eabi-gcc.exe -mcpu=cortex-m3 -mthumb -I..\inc -I..\flexsea-comm\inc -I..\flexsea-system\inc -I..\flexsea-system\test -I..\flexsea-shared\unity -I..\flexsea-user\inc -I..\flexsea-user\MIT_2DoF_Ankle_v1\inc -I..\flexsea-user\MotorTestBench\inc -I..\flexsea-user\RICNU_Knee_v1\inc -I. -IGenerated_Source\PSoC5 -Wa,-alh=.\CortexM3\ARM_GCC_541\Debug/flexsea_cmd_external.lst -g -D DEBUG -D BOARD_TYPE_FLEXSEA_EXECUTE -Wall -ffunction-sections -ffat-lto-objects -Og -Wno-unused-but-set-variable -c ..\flexsea-system\src\flexsea_cmd_external.c -o .\CortexM3\ARM_GCC_541\Debug\flexsea_cmd_external.o
In file included from ..\inc/main.h:55:0,
                 from ..\flexsea-system\src\flexsea_cmd_external.c:45:
..\inc/control.h:58:21: warning: inline function 'motor_current_pid_2' declared but never defined
 extern inline int32 motor_current_pid_2(int32 wanted_curr, int32 measured_curr);
                     ^
arm-none-eabi-gcc.exe -mcpu=cortex-m3 -mthumb -I..\inc -I..\flexsea-comm\inc -I..\flexsea-system\inc -I..\flexsea-system\test -I..\flexsea-shared\unity -I..\flexsea-user\inc -I..\flexsea-user\MIT_2DoF_Ankle_v1\inc -I..\flexsea-user\MotorTestBench\inc -I..\flexsea-user\RICNU_Knee_v1\inc -I. -IGenerated_Source\PSoC5 -Wa,-alh=.\CortexM3\ARM_GCC_541\Debug/flexsea_cmd_sensors.lst -g -D DEBUG -D BOARD_TYPE_FLEXSEA_EXECUTE -Wall -ffunction-sections -ffat-lto-objects -Og -Wno-unused-but-set-variable -c ..\flexsea-system\src\flexsea_cmd_sensors.c -o .\CortexM3\ARM_GCC_541\Debug\flexsea_cmd_sensors.o
In file included from ..\inc/main.h:55:0,
                 from ..\flexsea-system\src\flexsea_cmd_sensors.c:60:
..\inc/control.h:58:21: warning: inline function 'motor_current_pid_2' declared but never defined
 extern inline int32 motor_current_pid_2(int32 wanted_curr, int32 measured_curr);
                     ^
arm-none-eabi-gcc.exe -mcpu=cortex-m3 -mthumb -I..\inc -I..\flexsea-comm\inc -I..\flexsea-system\inc -I..\flexsea-system\test -I..\flexsea-shared\unity -I..\flexsea-user\inc -I..\flexsea-user\MIT_2DoF_Ankle_v1\inc -I..\flexsea-user\MotorTestBench\inc -I..\flexsea-user\RICNU_Knee_v1\inc -I. -IGenerated_Source\PSoC5 -Wa,-alh=.\CortexM3\ARM_GCC_541\Debug/flexsea_global_structs.lst -g -D DEBUG -D BOARD_TYPE_FLEXSEA_EXECUTE -Wall -ffunction-sections -ffat-lto-objects -Og -Wno-unused-but-set-variable -c ..\flexsea-system\src\flexsea_global_structs.c -o .\CortexM3\ARM_GCC_541\Debug\flexsea_global_structs.o
..\flexsea-system\src\flexsea_global_structs.c: In function 'update_diffarr_avg':
..\flexsea-system\src\flexsea_global_structs.c:127:17: warning: unused variable 'avg' [-Wunused-variable]
  static int32_t avg;
                 ^
In file included from ..\inc/main.h:55:0,
                 from ..\inc/mag_encoders.h:38,
                 from ..\flexsea-system\src\flexsea_global_structs.c:37:
..\flexsea-system\src\flexsea_global_structs.c: At top level:
..\inc/control.h:58:21: warning: inline function 'motor_current_pid_2' declared but never defined
 extern inline int32 motor_current_pid_2(int32 wanted_curr, int32 measured_curr);
                     ^
arm-none-eabi-gcc.exe -mcpu=cortex-m3 -mthumb -I..\inc -I..\flexsea-comm\inc -I..\flexsea-system\inc -I..\flexsea-system\test -I..\flexsea-shared\unity -I..\flexsea-user\inc -I..\flexsea-user\MIT_2DoF_Ankle_v1\inc -I..\flexsea-user\MotorTestBench\inc -I..\flexsea-user\RICNU_Knee_v1\inc -I. -IGenerated_Source\PSoC5 -Wa,-alh=.\CortexM3\ARM_GCC_541\Debug/flexsea_cmd_control_1.lst -g -D DEBUG -D BOARD_TYPE_FLEXSEA_EXECUTE -Wall -ffunction-sections -ffat-lto-objects -Og -Wno-unused-but-set-variable -c ..\flexsea-system\src\flexsea_cmd_control_1.c -o .\CortexM3\ARM_GCC_541\Debug\flexsea_cmd_control_1.o
In file included from ..\inc/main.h:55:0,
                 from ..\flexsea-system\src\flexsea_cmd_control_1.c:54:
..\inc/control.h:58:21: warning: inline function 'motor_current_pid_2' declared but never defined
 extern inline int32 motor_current_pid_2(int32 wanted_curr, int32 measured_curr);
                     ^
arm-none-eabi-gcc.exe -mcpu=cortex-m3 -mthumb -I..\inc -I..\flexsea-comm\inc -I..\flexsea-system\inc -I..\flexsea-system\test -I..\flexsea-shared\unity -I..\flexsea-user\inc -I..\flexsea-user\MIT_2DoF_Ankle_v1\inc -I..\flexsea-user\MotorTestBench\inc -I..\flexsea-user\RICNU_Knee_v1\inc -I. -IGenerated_Source\PSoC5 -Wa,-alh=.\CortexM3\ARM_GCC_541\Debug/flexsea_cmd_control_2.lst -g -D DEBUG -D BOARD_TYPE_FLEXSEA_EXECUTE -Wall -ffunction-sections -ffat-lto-objects -Og -Wno-unused-but-set-variable -c ..\flexsea-system\src\flexsea_cmd_control_2.c -o .\CortexM3\ARM_GCC_541\Debug\flexsea_cmd_control_2.o
In file included from ..\inc/main.h:55:0,
                 from ..\flexsea-system\src\flexsea_cmd_control_2.c:49:
..\inc/control.h:58:21: warning: inline function 'motor_current_pid_2' declared but never defined
 extern inline int32 motor_current_pid_2(int32 wanted_curr, int32 measured_curr);
                     ^
arm-none-eabi-gcc.exe -mcpu=cortex-m3 -mthumb -I..\inc -I..\flexsea-comm\inc -I..\flexsea-system\inc -I..\flexsea-system\test -I..\flexsea-shared\unity -I..\flexsea-user\inc -I..\flexsea-user\MIT_2DoF_Ankle_v1\inc -I..\flexsea-user\MotorTestBench\inc -I..\flexsea-user\RICNU_Knee_v1\inc -I. -IGenerated_Source\PSoC5 -Wa,-alh=.\CortexM3\ARM_GCC_541\Debug/flexsea_cmd_calibration.lst -g -D DEBUG -D BOARD_TYPE_FLEXSEA_EXECUTE -Wall -ffunction-sections -ffat-lto-objects -Og -Wno-unused-but-set-variable -c ..\flexsea-system\src\flexsea_cmd_calibration.c -o .\CortexM3\ARM_GCC_541\Debug\flexsea_cmd_calibration.o
In file included from ..\flexsea-system\src\flexsea_cmd_calibration.c:42:0:
..\inc/control.h:58:21: warning: inline function 'motor_current_pid_2' declared but never defined
 extern inline int32 motor_current_pid_2(int32 wanted_curr, int32 measured_curr);
                     ^
arm-none-eabi-gcc.exe -mcpu=cortex-m3 -mthumb -I..\inc -I..\flexsea-comm\inc -I..\flexsea-system\inc -I..\flexsea-system\test -I..\flexsea-shared\unity -I..\flexsea-user\inc -I..\flexsea-user\MIT_2DoF_Ankle_v1\inc -I..\flexsea-user\MotorTestBench\inc -I..\flexsea-user\RICNU_Knee_v1\inc -I. -IGenerated_Source\PSoC5 -Wa,-alh=.\CortexM3\ARM_GCC_541\Debug/flexsea_cmd_in_control.lst -g -D DEBUG -D BOARD_TYPE_FLEXSEA_EXECUTE -Wall -ffunction-sections -ffat-lto-objects -Og -Wno-unused-but-set-variable -c ..\flexsea-system\src\flexsea_cmd_in_control.c -o .\CortexM3\ARM_GCC_541\Debug\flexsea_cmd_in_control.o
In file included from ..\flexsea-system\src\flexsea_cmd_in_control.c:47:0:
..\inc/control.h:58:21: warning: inline function 'motor_current_pid_2' declared but never defined
 extern inline int32 motor_current_pid_2(int32 wanted_curr, int32 measured_curr);
                     ^
arm-none-eabi-gcc.exe -mcpu=cortex-m3 -mthumb -I..\inc -I..\flexsea-comm\inc -I..\flexsea-system\inc -I..\flexsea-system\test -I..\flexsea-shared\unity -I..\flexsea-user\inc -I..\flexsea-user\MIT_2DoF_Ankle_v1\inc -I..\flexsea-user\MotorTestBench\inc -I..\flexsea-user\RICNU_Knee_v1\inc -I. -IGenerated_Source\PSoC5 -Wa,-alh=.\CortexM3\ARM_GCC_541\Debug/flexsea_board.lst -g -D DEBUG -D BOARD_TYPE_FLEXSEA_EXECUTE -Wall -ffunction-sections -ffat-lto-objects -Og -Wno-unused-but-set-variable -c ..\src\flexsea_board.c -o .\CortexM3\ARM_GCC_541\Debug\flexsea_board.o
In file included from ..\inc/main.h:55:0,
                 from ..\src\flexsea_board.c:36:
..\inc/control.h:58:21: warning: inline function 'motor_current_pid_2' declared but never defined
 extern inline int32 motor_current_pid_2(int32 wanted_curr, int32 measured_curr);
                     ^
arm-none-eabi-gcc.exe -mcpu=cortex-m3 -mthumb -I..\inc -I..\flexsea-comm\inc -I..\flexsea-system\inc -I..\flexsea-system\test -I..\flexsea-shared\unity -I..\flexsea-user\inc -I..\flexsea-user\MIT_2DoF_Ankle_v1\inc -I..\flexsea-user\MotorTestBench\inc -I..\flexsea-user\RICNU_Knee_v1\inc -I. -IGenerated_Source\PSoC5 -Wa,-alh=.\CortexM3\ARM_GCC_541\Debug/cmd-MIT_2DoF_Ankle_v1.lst -g -D DEBUG -D BOARD_TYPE_FLEXSEA_EXECUTE -Wall -ffunction-sections -ffat-lto-objects -Og -Wno-unused-but-set-variable -c ..\flexsea-user\MIT_2DoF_Ankle_v1\src\cmd-MIT_2DoF_Ankle_v1.c -o .\CortexM3\ARM_GCC_541\Debug\cmd-MIT_2DoF_Ankle_v1.o
In file included from ..\inc/main.h:55:0,
                 from ..\flexsea-user\MIT_2DoF_Ankle_v1\src\cmd-MIT_2DoF_Ankle_v1.c:48:
..\inc/control.h:58:21: warning: inline function 'motor_current_pid_2' declared but never defined
 extern inline int32 motor_current_pid_2(int32 wanted_curr, int32 measured_curr);
                     ^
arm-none-eabi-gcc.exe -mcpu=cortex-m3 -mthumb -I..\inc -I..\flexsea-comm\inc -I..\flexsea-system\inc -I..\flexsea-system\test -I..\flexsea-shared\unity -I..\flexsea-user\inc -I..\flexsea-user\MIT_2DoF_Ankle_v1\inc -I..\flexsea-user\MotorTestBench\inc -I..\flexsea-user\RICNU_Knee_v1\inc -I. -IGenerated_Source\PSoC5 -Wa,-alh=.\CortexM3\ARM_GCC_541\Debug/user-ex-MIT_2DoF_Ankle_v1.lst -g -D DEBUG -D BOARD_TYPE_FLEXSEA_EXECUTE -Wall -ffunction-sections -ffat-lto-objects -Og -Wno-unused-but-set-variable -c ..\flexsea-user\MIT_2DoF_Ankle_v1\src\user-ex-MIT_2DoF_Ankle_v1.c -o .\CortexM3\ARM_GCC_541\Debug\user-ex-MIT_2DoF_Ankle_v1.o
In file included from ..\inc/main.h:55:0,
                 from ..\flexsea-user\MIT_2DoF_Ankle_v1\src\../inc/user-ex-MIT_2DoF_Ankle_v1.h:31,
                 from ..\flexsea-user\MIT_2DoF_Ankle_v1\src\user-ex-MIT_2DoF_Ankle_v1.c:38:
..\inc/control.h:58:21: warning: inline function 'motor_current_pid_2' declared but never defined
 extern inline int32 motor_current_pid_2(int32 wanted_curr, int32 measured_curr);
                     ^
arm-none-eabi-gcc.exe -mcpu=cortex-m3 -mthumb -I..\inc -I..\flexsea-comm\inc -I..\flexsea-system\inc -I..\flexsea-system\test -I..\flexsea-shared\unity -I..\flexsea-user\inc -I..\flexsea-user\MIT_2DoF_Ankle_v1\inc -I..\flexsea-user\MotorTestBench\inc -I..\flexsea-user\RICNU_Knee_v1\inc -I. -IGenerated_Source\PSoC5 -Wa,-alh=.\CortexM3\ARM_GCC_541\Debug/cmd-RICNU_Knee_v1.lst -g -D DEBUG -D BOARD_TYPE_FLEXSEA_EXECUTE -Wall -ffunction-sections -ffat-lto-objects -Og -Wno-unused-but-set-variable -c ..\flexsea-user\RICNU_Knee_v1\src\cmd-RICNU_Knee_v1.c -o .\CortexM3\ARM_GCC_541\Debug\cmd-RICNU_Knee_v1.o
In file included from ..\inc/main.h:55:0,
                 from ..\inc/imu.h:38,
                 from ..\flexsea-user\RICNU_Knee_v1\src\cmd-RICNU_Knee_v1.c:47:
..\inc/control.h:58:21: warning: inline function 'motor_current_pid_2' declared but never defined
 extern inline int32 motor_current_pid_2(int32 wanted_curr, int32 measured_curr);
                     ^
arm-none-eabi-gcc.exe -mcpu=cortex-m3 -mthumb -I..\inc -I..\flexsea-comm\inc -I..\flexsea-system\inc -I..\flexsea-system\test -I..\flexsea-shared\unity -I..\flexsea-user\inc -I..\flexsea-user\MIT_2DoF_Ankle_v1\inc -I..\flexsea-user\MotorTestBench\inc -I..\flexsea-user\RICNU_Knee_v1\inc -I. -IGenerated_Source\PSoC5 -Wa,-alh=.\CortexM3\ARM_GCC_541\Debug/user-ex-RICNU_Knee_v1.lst -g -D DEBUG -D BOARD_TYPE_FLEXSEA_EXECUTE -Wall -ffunction-sections -ffat-lto-objects -Og -Wno-unused-but-set-variable -c ..\flexsea-user\RICNU_Knee_v1\src\user-ex-RICNU_Knee_v1.c -o .\CortexM3\ARM_GCC_541\Debug\user-ex-RICNU_Knee_v1.o
In file included from ..\inc/main.h:55:0,
                 from ..\flexsea-user\RICNU_Knee_v1\src\../inc/user-ex-RICNU_Knee_v1.h:31,
                 from ..\flexsea-user\RICNU_Knee_v1\src\user-ex-RICNU_Knee_v1.c:37:
..\inc/control.h:58:21: warning: inline function 'motor_current_pid_2' declared but never defined
 extern inline int32 motor_current_pid_2(int32 wanted_curr, int32 measured_curr);
                     ^
arm-none-eabi-gcc.exe -mcpu=cortex-m3 -mthumb -I..\inc -I..\flexsea-comm\inc -I..\flexsea-system\inc -I..\flexsea-system\test -I..\flexsea-shared\unity -I..\flexsea-user\inc -I..\flexsea-user\MIT_2DoF_Ankle_v1\inc -I..\flexsea-user\MotorTestBench\inc -I..\flexsea-user\RICNU_Knee_v1\inc -I. -IGenerated_Source\PSoC5 -Wa,-alh=.\CortexM3\ARM_GCC_541\Debug/cmd-MotorTestBench.lst -g -D DEBUG -D BOARD_TYPE_FLEXSEA_EXECUTE -Wall -ffunction-sections -ffat-lto-objects -Og -Wno-unused-but-set-variable -c ..\flexsea-user\MotorTestBench\src\cmd-MotorTestBench.c -o .\CortexM3\ARM_GCC_541\Debug\cmd-MotorTestBench.o
In file included from ..\inc/main.h:55:0,
                 from ..\flexsea-user\MotorTestBench\src\cmd-MotorTestBench.c:49:
..\inc/control.h:58:21: warning: inline function 'motor_current_pid_2' declared but never defined
 extern inline int32 motor_current_pid_2(int32 wanted_curr, int32 measured_curr);
                     ^
arm-none-eabi-gcc.exe -mcpu=cortex-m3 -mthumb -I..\inc -I..\flexsea-comm\inc -I..\flexsea-system\inc -I..\flexsea-system\test -I..\flexsea-shared\unity -I..\flexsea-user\inc -I..\flexsea-user\MIT_2DoF_Ankle_v1\inc -I..\flexsea-user\MotorTestBench\inc -I..\flexsea-user\RICNU_Knee_v1\inc -I. -IGenerated_Source\PSoC5 -Wa,-alh=.\CortexM3\ARM_GCC_541\Debug/user-ex-MotorTestBench.lst -g -D DEBUG -D BOARD_TYPE_FLEXSEA_EXECUTE -Wall -ffunction-sections -ffat-lto-objects -Og -Wno-unused-but-set-variable -c ..\flexsea-user\MotorTestBench\src\user-ex-MotorTestBench.c -o .\CortexM3\ARM_GCC_541\Debug\user-ex-MotorTestBench.o
In file included from ..\inc/main.h:55:0,
                 from ..\flexsea-user\MotorTestBench\src\../inc/user-ex-MotorTestBench.h:38,
                 from ..\flexsea-user\MotorTestBench\src\user-ex-MotorTestBench.c:37:
..\inc/control.h:58:21: warning: inline function 'motor_current_pid_2' declared but never defined
 extern inline int32 motor_current_pid_2(int32 wanted_curr, int32 measured_curr);
                     ^
arm-none-eabi-gcc.exe -mcpu=cortex-m3 -mthumb -I..\inc -I..\flexsea-comm\inc -I..\flexsea-system\inc -I..\flexsea-system\test -I..\flexsea-shared\unity -I..\flexsea-user\inc -I..\flexsea-user\MIT_2DoF_Ankle_v1\inc -I..\flexsea-user\MotorTestBench\inc -I..\flexsea-user\RICNU_Knee_v1\inc -I. -IGenerated_Source\PSoC5 -Wa,-alh=.\CortexM3\ARM_GCC_541\Debug/cmd-PegasusBoots.lst -g -D DEBUG -D BOARD_TYPE_FLEXSEA_EXECUTE -Wall -ffunction-sections -ffat-lto-objects -Og -Wno-unused-but-set-variable -c ..\flexsea-user\PegasusBoots\src\cmd-PegasusBoots.c -o .\CortexM3\ARM_GCC_541\Debug\cmd-PegasusBoots.o
In file included from ..\inc/main.h:55:0,
                 from ..\flexsea-user\PegasusBoots\src\cmd-PegasusBoots.c:48:
..\inc/control.h:58:21: warning: inline function 'motor_current_pid_2' declared but never defined
 extern inline int32 motor_current_pid_2(int32 wanted_curr, int32 measured_curr);
                     ^
arm-none-eabi-gcc.exe -mcpu=cortex-m3 -mthumb -I..\inc -I..\flexsea-comm\inc -I..\flexsea-system\inc -I..\flexsea-system\test -I..\flexsea-shared\unity -I..\flexsea-user\inc -I..\flexsea-user\MIT_2DoF_Ankle_v1\inc -I..\flexsea-user\MotorTestBench\inc -I..\flexsea-user\RICNU_Knee_v1\inc -I. -IGenerated_Source\PSoC5 -Wa,-alh=.\CortexM3\ARM_GCC_541\Debug/user-ex-PegasusBoots.lst -g -D DEBUG -D BOARD_TYPE_FLEXSEA_EXECUTE -Wall -ffunction-sections -ffat-lto-objects -Og -Wno-unused-but-set-variable -c ..\flexsea-user\PegasusBoots\src\user-ex-PegasusBoots.c -o .\CortexM3\ARM_GCC_541\Debug\user-ex-PegasusBoots.o
In file included from ..\inc/main.h:55:0,
                 from ..\flexsea-user\PegasusBoots\src\../inc/user-ex-PegasusBoots.h:31,
                 from ..\flexsea-user\PegasusBoots\src\user-ex-PegasusBoots.c:39:
..\inc/control.h:58:21: warning: inline function 'motor_current_pid_2' declared but never defined
 extern inline int32 motor_current_pid_2(int32 wanted_curr, int32 measured_curr);
                     ^
arm-none-eabi-gcc.exe -mcpu=cortex-m3 -mthumb -I..\inc -I..\flexsea-comm\inc -I..\flexsea-system\inc -I..\flexsea-system\test -I..\flexsea-shared\unity -I..\flexsea-user\inc -I..\flexsea-user\MIT_2DoF_Ankle_v1\inc -I..\flexsea-user\MotorTestBench\inc -I..\flexsea-user\RICNU_Knee_v1\inc -I. -IGenerated_Source\PSoC5 -Wa,-alh=.\CortexM3\ARM_GCC_541\Debug/flexsea_cmd_user.lst -g -D DEBUG -D BOARD_TYPE_FLEXSEA_EXECUTE -Wall -ffunction-sections -ffat-lto-objects -Og -Wno-unused-but-set-variable -c ..\flexsea-user\src\flexsea_cmd_user.c -o .\CortexM3\ARM_GCC_541\Debug\flexsea_cmd_user.o
In file included from ..\flexsea-user\src\flexsea_cmd_user.c:42:0:
..\flexsea-user\inc/dynamic_user_structs.h:48:1: warning: useless type qualifier in empty declaration
 } __attribute__ ((packed));
 ^
arm-none-eabi-gcc.exe -mcpu=cortex-m3 -mthumb -I..\inc -I..\flexsea-comm\inc -I..\flexsea-system\inc -I..\flexsea-system\test -I..\flexsea-shared\unity -I..\flexsea-user\inc -I..\flexsea-user\MIT_2DoF_Ankle_v1\inc -I..\flexsea-user\MotorTestBench\inc -I..\flexsea-user\RICNU_Knee_v1\inc -I. -IGenerated_Source\PSoC5 -Wa,-alh=.\CortexM3\ARM_GCC_541\Debug/user-ex.lst -g -D DEBUG -D BOARD_TYPE_FLEXSEA_EXECUTE -Wall -ffunction-sections -ffat-lto-objects -Og -Wno-unused-but-set-variable -c ..\flexsea-user\src\user-ex.c -o .\CortexM3\ARM_GCC_541\Debug\user-ex.o
In file included from ..\inc/main.h:55:0,
                 from ..\flexsea-user\src\../inc/user-ex.h:45,
                 from ..\flexsea-user\src\user-ex.c:42:
..\inc/control.h:58:21: warning: inline function 'motor_current_pid_2' declared but never defined
 extern inline int32 motor_current_pid_2(int32 wanted_curr, int32 measured_curr);
                     ^
..\flexsea-user\src\user-ex.c:108:13: warning: 'init_barebone' defined but not used [-Wunused-function]
 static void init_barebone(void)
             ^
arm-none-eabi-gcc.exe -mcpu=cortex-m3 -mthumb -I..\inc -I..\flexsea-comm\inc -I..\flexsea-system\inc -I..\flexsea-system\test -I..\flexsea-shared\unity -I..\flexsea-user\inc -I..\flexsea-user\MIT_2DoF_Ankle_v1\inc -I..\flexsea-user\MotorTestBench\inc -I..\flexsea-user\RICNU_Knee_v1\inc -I. -IGenerated_Source\PSoC5 -Wa,-alh=.\CortexM3\ARM_GCC_541\Debug/dynamic_user_structs_exec.lst -g -D DEBUG -D BOARD_TYPE_FLEXSEA_EXECUTE -Wall -ffunction-sections -ffat-lto-objects -Og -Wno-unused-but-set-variable -c ..\flexsea-user\src\dynamic_user_structs_exec.c -o .\CortexM3\ARM_GCC_541\Debug\dynamic_user_structs_exec.o
In file included from ..\flexsea-user\src\dynamic_user_structs_exec.c:8:0:
..\flexsea-user\src\../inc/dynamic_user_structs.h:48:1: warning: useless type qualifier in empty declaration
 } __attribute__ ((packed));
 ^
arm-none-eabi-ar.exe -rs .\CortexM3\ARM_GCC_541\Debug\execute_1_0.a .\CortexM3\ARM_GCC_541\Debug\CyADCCLK.o .\CortexM3\ARM_GCC_541\Debug\CyH40M.o .\CortexM3\ARM_GCC_541\Debug\CyCLK_6M4HZ.o .\CortexM3\ARM_GCC_541\Debug\DieTemp_1.o .\CortexM3\ARM_GCC_541\Debug\DMA_2_dma.o .\CortexM3\ARM_GCC_541\Debug\isr_delsig.o .\CortexM3\ARM_GCC_541\Debug\SDA_1.o .\CortexM3\ARM_GCC_541\Debug\DMA_3_dma.o .\CortexM3\ARM_GCC_541\Debug\QuadDec_1.o .\CortexM3\ARM_GCC_541\Debug\QuadDec_1_INT.o .\CortexM3\ARM_GCC_541\Debug\QuadDec_1_PM.o .\CortexM3\ARM_GCC_541\Debug\EX12.o .\CortexM3\ARM_GCC_541\Debug\LED_2.o .\CortexM3\ARM_GCC_541\Debug\isr_dma_uart_rx.o .\CortexM3\ARM_GCC_541\Debug\DMA_4_dma.o .\CortexM3\ARM_GCC_541\Debug\UART_DMA_XMIT.o .\CortexM3\ARM_GCC_541\Debug\UART_DMA_XMIT_PM.o .\CortexM3\ARM_GCC_541\Debug\isr_dma_uart_tx.o .\CortexM3\ARM_GCC_541\Debug\LED_HB.o .\CortexM3\ARM_GCC_541\Debug\LED_R.o .\CortexM3\ARM_GCC_541\Debug\Timer_2.o .\CortexM3\ARM_GCC_541\Debug\Timer_2_PM.o .\CortexM3\ARM_GCC_541\Debug\isr_t2.o .\CortexM3\ARM_GCC_541\Debug\T2_RESET.o .\CortexM3\ARM_GCC_541\Debug\T2_RESET_PM.o .\CortexM3\ARM_GCC_541\Debug\USBUART_1.o .\CortexM3\ARM_GCC_541\Debug\USBUART_1_audio.o .\CortexM3\ARM_GCC_541\Debug\USBUART_1_boot.o .\CortexM3\ARM_GCC_541\Debug\USBUART_1_cdc.o .\CortexM3\ARM_GCC_541\Debug\USBUART_1_cls.o .\CortexM3\ARM_GCC_541\Debug\USBUART_1_descr.o .\CortexM3\ARM_GCC_541\Debug\USBUART_1_drv.o .\CortexM3\ARM_GCC_541\Debug\USBUART_1_episr.o .\CortexM3\ARM_GCC_541\Debug\USBUART_1_hid.o .\CortexM3\ARM_GCC_541\Debug\USBUART_1_pm.o .\CortexM3\ARM_GCC_541\Debug\USBUART_1_std.o .\CortexM3\ARM_GCC_541\Debug\USBUART_1_vnd.o .\CortexM3\ARM_GCC_541\Debug\USBUART_1_midi.o .\CortexM3\ARM_GCC_541\Debug\USBUART_1_msc.o .\CortexM3\ARM_GCC_541\Debug\EX9.o .\CortexM3\ARM_GCC_541\Debug\SCL_1.o .\CortexM3\ARM_GCC_541\Debug\EX14.o .\CortexM3\ARM_GCC_541\Debug\ADC_DelSig_1.o .\CortexM3\ARM_GCC_541\Debug\ADC_DelSig_1_PM.o .\CortexM3\ARM_GCC_541\Debug\ADC_DelSig_1_INT.o .\CortexM3\ARM_GCC_541\Debug\I2C_0.o .\CortexM3\ARM_GCC_541\Debug\I2C_0_BOOT.o .\CortexM3\ARM_GCC_541\Debug\I2C_0_INT.o .\CortexM3\ARM_GCC_541\Debug\I2C_0_PM.o .\CortexM3\ARM_GCC_541\Debug\I2C_0_SLAVE.o .\CortexM3\ARM_GCC_541\Debug\I2C_0_MASTER.o .\CortexM3\ARM_GCC_541\Debug\SCL_0.o .\CortexM3\ARM_GCC_541\Debug\SDA_0.o .\CortexM3\ARM_GCC_541\Debug\C8M.o .\CortexM3\ARM_GCC_541\Debug\SG_VO1.o .\CortexM3\ARM_GCC_541\Debug\EX15.o .\CortexM3\ARM_GCC_541\Debug\Opamp_2.o .\CortexM3\ARM_GCC_541\Debug\Opamp_2_PM.o .\CortexM3\ARM_GCC_541\Debug\PWM_4.o .\CortexM3\ARM_GCC_541\Debug\PWM_4_PM.o .\CortexM3\ARM_GCC_541\Debug\PWR.o .\CortexM3\ARM_GCC_541\Debug\NOT_RE3.o .\CortexM3\ARM_GCC_541\Debug\NOT_RE2.o .\CortexM3\ARM_GCC_541\Debug\TX3.o .\CortexM3\ARM_GCC_541\Debug\TX2.o .\CortexM3\ARM_GCC_541\Debug\DE3.o .\CortexM3\ARM_GCC_541\Debug\DE2.o .\CortexM3\ARM_GCC_541\Debug\RX3.o .\CortexM3\ARM_GCC_541\Debug\isr_t1.o .\CortexM3\ARM_GCC_541\Debug\WDCLK.o .\CortexM3\ARM_GCC_541\Debug\EX0.o .\CortexM3\ARM_GCC_541\Debug\EX5.o .\CortexM3\ARM_GCC_541\Debug\I2C_1.o .\CortexM3\ARM_GCC_541\Debug\I2C_1_BOOT.o .\CortexM3\ARM_GCC_541\Debug\I2C_1_INT.o .\CortexM3\ARM_GCC_541\Debug\I2C_1_PM.o .\CortexM3\ARM_GCC_541\Debug\I2C_1_SLAVE.o .\CortexM3\ARM_GCC_541\Debug\I2C_1_MASTER.o .\CortexM3\ARM_GCC_541\Debug\RX2.o .\CortexM3\ARM_GCC_541\Debug\VR1_PRE.o .\CortexM3\ARM_GCC_541\Debug\VR1.o .\CortexM3\ARM_GCC_541\Debug\EX6.o .\CortexM3\ARM_GCC_541\Debug\SPIM_1.o .\CortexM3\ARM_GCC_541\Debug\SPIM_1_PM.o .\CortexM3\ARM_GCC_541\Debug\SPIM_1_INT.o .\CortexM3\ARM_GCC_541\Debug\SPIM_Clk.o .\CortexM3\ARM_GCC_541\Debug\UART_2.o .\CortexM3\ARM_GCC_541\Debug\UART_2_PM.o .\CortexM3\ARM_GCC_541\Debug\UART_2_INT.o .\CortexM3\ARM_GCC_541\Debug\UART_2_BOOT.o .\CortexM3\ARM_GCC_541\Debug\RO.o .\CortexM3\ARM_GCC_541\Debug\DI.o .\CortexM3\ARM_GCC_541\Debug\DE.o .\CortexM3\ARM_GCC_541\Debug\Timer_1.o .\CortexM3\ARM_GCC_541\Debug\Timer_1_PM.o .\CortexM3\ARM_GCC_541\Debug\LED_G.o .\CortexM3\ARM_GCC_541\Debug\LED_B.o .\CortexM3\ARM_GCC_541\Debug\NOT_RE.o .\CortexM3\ARM_GCC_541\Debug\EX4.o .\CortexM3\ARM_GCC_541\Debug\EX8.o .\CortexM3\ARM_GCC_541\Debug\EX7.o .\CortexM3\ARM_GCC_541\Debug\PGA_1.o .\CortexM3\ARM_GCC_541\Debug\PGA_1_PM.o .\CortexM3\ARM_GCC_541\Debug\isr_sar1_dma.o .\CortexM3\ARM_GCC_541\Debug\DMA_5_dma.o .\CortexM3\ARM_GCC_541\Debug\EX11.o .\CortexM3\ARM_GCC_541\Debug\EX10.o .\CortexM3\ARM_GCC_541\Debug\ADC_SAR_1.o .\CortexM3\ARM_GCC_541\Debug\ADC_SAR_1_INT.o .\CortexM3\ARM_GCC_541\Debug\ADC_SAR_1_PM.o .\CortexM3\ARM_GCC_541\Debug\Status_Reg_1.o .\CortexM3\ARM_GCC_541\Debug\Use_Hall.o .\CortexM3\ARM_GCC_541\Debug\Use_Hall_PM.o .\CortexM3\ARM_GCC_541\Debug\Em_EEPROM_1.o .\CortexM3\ARM_GCC_541\Debug\isr_spi_tx.o .\CortexM3\ARM_GCC_541\Debug\EEPROM_1.o .\CortexM3\ARM_GCC_541\Debug\Timer_angleread.o .\CortexM3\ARM_GCC_541\Debug\Timer_angleread_PM.o .\CortexM3\ARM_GCC_541\Debug\TA_RESET.o .\CortexM3\ARM_GCC_541\Debug\TA_RESET_PM.o .\CortexM3\ARM_GCC_541\Debug\Virtual_Hall.o .\CortexM3\ARM_GCC_541\Debug\Virtual_Hall_PM.o .\CortexM3\ARM_GCC_541\Debug\EX3.o .\CortexM3\ARM_GCC_541\Debug\EX2.o .\CortexM3\ARM_GCC_541\Debug\EX1.o .\CortexM3\ARM_GCC_541\Debug\Coast_Brake.o .\CortexM3\ARM_GCC_541\Debug\Coast_Brake_PM.o .\CortexM3\ARM_GCC_541\Debug\isr_sar2_dma.o .\CortexM3\ARM_GCC_541\Debug\DMA_1_dma.o .\CortexM3\ARM_GCC_541\Debug\CS3.o .\CortexM3\ARM_GCC_541\Debug\CS2.o .\CortexM3\ARM_GCC_541\Debug\VDAC8_1.o .\CortexM3\ARM_GCC_541\Debug\VDAC8_1_PM.o .\CortexM3\ARM_GCC_541\Debug\AOP_IN.o .\CortexM3\ARM_GCC_541\Debug\MUXO.o .\CortexM3\ARM_GCC_541\Debug\AOP_OUT.o .\CortexM3\ARM_GCC_541\Debug\Opamp_1.o .\CortexM3\ARM_GCC_541\Debug\Opamp_1_PM.o .\CortexM3\ARM_GCC_541\Debug\CS1.o .\CortexM3\ARM_GCC_541\Debug\ADC_SAR_2.o .\CortexM3\ARM_GCC_541\Debug\ADC_SAR_2_INT.o .\CortexM3\ARM_GCC_541\Debug\ADC_SAR_2_PM.o .\CortexM3\ARM_GCC_541\Debug\MotorDirection.o .\CortexM3\ARM_GCC_541\Debug\MotorDirection_PM.o .\CortexM3\ARM_GCC_541\Debug\PWML3.o .\CortexM3\ARM_GCC_541\Debug\PWMH3.o .\CortexM3\ARM_GCC_541\Debug\PWML2.o .\CortexM3\ARM_GCC_541\Debug\PWMH2.o .\CortexM3\ARM_GCC_541\Debug\PWM_1.o .\CortexM3\ARM_GCC_541\Debug\PWM_1_PM.o .\CortexM3\ARM_GCC_541\Debug\PWML1.o .\CortexM3\ARM_GCC_541\Debug\PWMH1.o .\CortexM3\ARM_GCC_541\Debug\PGA_2.o .\CortexM3\ARM_GCC_541\Debug\PGA_2_PM.o .\CortexM3\ARM_GCC_541\Debug\AMuxSeq_1.o .\CortexM3\ARM_GCC_541\Debug\MV3.o .\CortexM3\ARM_GCC_541\Debug\Opamp_3.o .\CortexM3\ARM_GCC_541\Debug\Opamp_3_PM.o .\CortexM3\ARM_GCC_541\Debug\QuadDec_1_isr.o .\CortexM3\ARM_GCC_541\Debug\QuadDec_1_Cnt16.o .\CortexM3\ARM_GCC_541\Debug\QuadDec_1_Cnt16_PM.o .\CortexM3\ARM_GCC_541\Debug\USBUART_1_ep3_dma.o .\CortexM3\ARM_GCC_541\Debug\USBUART_1_ep2_dma.o .\CortexM3\ARM_GCC_541\Debug\USBUART_1_ep1_dma.o .\CortexM3\ARM_GCC_541\Debug\USBUART_1_Dm.o .\CortexM3\ARM_GCC_541\Debug\USBUART_1_Dp.o .\CortexM3\ARM_GCC_541\Debug\ADC_DelSig_1_AMux.o .\CortexM3\ARM_GCC_541\Debug\ADC_DelSig_1_Ext_CP_Clk.o .\CortexM3\ARM_GCC_541\Debug\ADC_DelSig_1_IRQ.o .\CortexM3\ARM_GCC_541\Debug\ADC_DelSig_1_theACLK.o .\CortexM3\ARM_GCC_541\Debug\ADC_SAR_1_IRQ.o .\CortexM3\ARM_GCC_541\Debug\ADC_SAR_1_theACLK.o .\CortexM3\ARM_GCC_541\Debug\ADC_SAR_1_Bypass.o .\CortexM3\ARM_GCC_541\Debug\ADC_SAR_2_IRQ.o .\CortexM3\ARM_GCC_541\Debug\ADC_SAR_2_theACLK.o .\CortexM3\ARM_GCC_541\Debug\CyDmac.o .\CortexM3\ARM_GCC_541\Debug\CyFlash.o .\CortexM3\ARM_GCC_541\Debug\CyLib.o .\CortexM3\ARM_GCC_541\Debug\cyPm.o .\CortexM3\ARM_GCC_541\Debug\CySpc.o .\CortexM3\ARM_GCC_541\Debug\cyutils.o .\CortexM3\ARM_GCC_541\Debug\CyBootAsmGnu.o
arm-none-eabi-ar.exe: creating .\CortexM3\ARM_GCC_541\Debug\execute_1_0.a
arm-none-eabi-gcc.exe -Wl,--start-group -o "C:\Users\MattWeberVelocity\Dropbox (MIT)\Biomech\FlexSEA\GitHub\flexsea-execute\execute_1_0.cydsn\CortexM3\ARM_GCC_541\Debug\execute_1_0.elf" .\CortexM3\ARM_GCC_541\Debug\analog.o .\CortexM3\ARM_GCC_541\Debug\control.o .\CortexM3\ARM_GCC_541\Debug\ext_input.o .\CortexM3\ARM_GCC_541\Debug\imu.o .\CortexM3\ARM_GCC_541\Debug\isr_callbacks.o .\CortexM3\ARM_GCC_541\Debug\main.o .\CortexM3\ARM_GCC_541\Debug\misc.o .\CortexM3\ARM_GCC_541\Debug\motor.o .\CortexM3\ARM_GCC_541\Debug\peripherals.o .\CortexM3\ARM_GCC_541\Debug\safety.o .\CortexM3\ARM_GCC_541\Debug\sensor_commut.o .\CortexM3\ARM_GCC_541\Debug\serial.o .\CortexM3\ARM_GCC_541\Debug\strain.o .\CortexM3\ARM_GCC_541\Debug\trapez.o .\CortexM3\ARM_GCC_541\Debug\ui.o .\CortexM3\ARM_GCC_541\Debug\usb.o .\CortexM3\ARM_GCC_541\Debug\ext_output.o .\CortexM3\ARM_GCC_541\Debug\i2c.o .\CortexM3\ARM_GCC_541\Debug\main_fsm.o .\CortexM3\ARM_GCC_541\Debug\mem_angle.o .\CortexM3\ARM_GCC_541\Debug\i2t-current-limit.o .\CortexM3\ARM_GCC_541\Debug\rgb_led.o .\CortexM3\ARM_GCC_541\Debug\calibration_tools.o .\CortexM3\ARM_GCC_541\Debug\local_comm.o .\CortexM3\ARM_GCC_541\Debug\current_sensing.o .\CortexM3\ARM_GCC_541\Debug\filters.o .\CortexM3\ARM_GCC_541\Debug\mag_encoders.o .\CortexM3\ARM_GCC_541\Debug\flexsea.o .\CortexM3\ARM_GCC_541\Debug\flexsea_buffers.o .\CortexM3\ARM_GCC_541\Debug\flexsea_comm.o .\CortexM3\ARM_GCC_541\Debug\flexsea_payload.o .\CortexM3\ARM_GCC_541\Debug\flexsea_circular_buffer.o .\CortexM3\ARM_GCC_541\Debug\flexsea_cmd_data.o .\CortexM3\ARM_GCC_541\Debug\flexsea_cmd_external.o .\CortexM3\ARM_GCC_541\Debug\flexsea_cmd_sensors.o .\CortexM3\ARM_GCC_541\Debug\flexsea_global_structs.o .\CortexM3\ARM_GCC_541\Debug\flexsea_system.o .\CortexM3\ARM_GCC_541\Debug\flexsea_cmd_control_1.o .\CortexM3\ARM_GCC_541\Debug\flexsea_cmd_control_2.o .\CortexM3\ARM_GCC_541\Debug\flexsea_cmd_tools.o .\CortexM3\ARM_GCC_541\Debug\flexsea_cmd_calibration.o .\CortexM3\ARM_GCC_541\Debug\flexsea_cmd_in_control.o .\CortexM3\ARM_GCC_541\Debug\flexsea_cmd_stream.o .\CortexM3\ARM_GCC_541\Debug\flexsea_board.o .\CortexM3\ARM_GCC_541\Debug\unity.o .\CortexM3\ARM_GCC_541\Debug\cmd-MIT_2DoF_Ankle_v1.o .\CortexM3\ARM_GCC_541\Debug\user-ex-MIT_2DoF_Ankle_v1.o .\CortexM3\ARM_GCC_541\Debug\cmd-RICNU_Knee_v1.o .\CortexM3\ARM_GCC_541\Debug\user-ex-RICNU_Knee_v1.o .\CortexM3\ARM_GCC_541\Debug\cmd-MotorTestBench.o .\CortexM3\ARM_GCC_541\Debug\user-ex-MotorTestBench.o .\CortexM3\ARM_GCC_541\Debug\cmd-PegasusBoots.o .\CortexM3\ARM_GCC_541\Debug\user-ex-PegasusBoots.o .\CortexM3\ARM_GCC_541\Debug\flexsea_cmd_user.o .\CortexM3\ARM_GCC_541\Debug\user-ex.o .\CortexM3\ARM_GCC_541\Debug\flexsea_user_structs.o .\CortexM3\ARM_GCC_541\Debug\dynamic_user_structs_exec.o .\CortexM3\ARM_GCC_541\Debug\dynamic_user_structs_common.o .\CortexM3\ARM_GCC_541\Debug\cyfitter_cfg.o .\CortexM3\ARM_GCC_541\Debug\cymetadata.o .\CortexM3\ARM_GCC_541\Debug\Cm3Start.o .\CortexM3\ARM_GCC_541\Debug\execute_1_0.a "C:\Program Files (x86)\Cypress\PSoC Creator\4.1\PSoC Creator\psoc\content\cycomponentlibrary\CyComponentLibrary.cylib\CortexM3\ARM_GCC_541\Debug\CyComponentLibrary.a" -mcpu=cortex-m3 -mthumb -l m -L Generated_Source\PSoC5 -Wl,-Map,.\CortexM3\ARM_GCC_541\Debug/execute_1_0.map -T .\cm3gcc_custom.ld -specs=nano.specs -Wl,--gc-sections -g -ffunction-sections -Og -ffat-lto-objects -Wl,--end-group
cyelftool.exe -C "C:\Users\MattWeberVelocity\Dropbox (MIT)\Biomech\FlexSEA\GitHub\flexsea-execute\execute_1_0.cydsn\CortexM3\ARM_GCC_541\Debug\execute_1_0.elf" --flash_row_size 256 --flash_size 262144 --flash_offset 0x00000000
cyelftool.exe -S "C:\Users\MattWeberVelocity\Dropbox (MIT)\Biomech\FlexSEA\GitHub\flexsea-execute\execute_1_0.cydsn\CortexM3\ARM_GCC_541\Debug\execute_1_0.elf"
Flash used: 49310 of 262144 bytes (18.8%).
SRAM used: 22409 of 65536 bytes (34.2%). Stack: 2048 bytes. Heap: 128 bytes.
--------------- Build Succeeded: 12/19/2017 18:11:57 ---------------
